<?xml version="1.0" encoding="UTF-8"?>
<!-- Generated by org.testng.reporters.JUnitReportReporter -->
<testsuite hostname="DESKTOP-D6JMFL6" failures="2" tests="10" name="testRunner.TestRunnerIO" time="650.561" errors="4" timestamp="2026-04-27T10:16:45 IST" skipped="0">
  <testcase classname="testRunner.TestRunnerIO" name="runScenario" time="41.008">
    <failure message="Attraction gallery was not visible after clicking See availability. expected [true] but found [false]" type="java.lang.AssertionError">
      <![CDATA[java.lang.AssertionError: Attraction gallery was not visible after clicking See availability. expected [true] but found [false]
at org.testng.Assert.fail(Assert.java:111)
at org.testng.Assert.failNotEquals(Assert.java:1590)
at org.testng.Assert.assertTrue(Assert.java:57)
at stepDefinition.AT_GallerySteps.attraction_gallery_should_be_visible(AT_GallerySteps.java:36)
at ✽.attraction gallery should be visible(file:///D:/SPRINT/Booking/src/test/resources/features/AT_Gallery.feature:7)
]]>
    </failure>
  </testcase> <!-- runScenario -->
  <testcase classname="testRunner.TestRunnerIO" name="runScenario" time="24.181"/>
  <testcase classname="testRunner.TestRunnerIO" name="runScenario" time="21.022">
    <error message="Suggestion was not selected properly." type="java.lang.RuntimeException">
      <![CDATA[java.lang.RuntimeException: Suggestion was not selected properly.
at pages.AT_SearchPage.selectSuggestionIfPresent(AT_SearchPage.java:77)
at stepDefinition.AT_SearchSteps.user_enters_destination_as(AT_SearchSteps.java:28)
at ✽.user enters "valid" destination as "Brasov"(file:///D:/SPRINT/Booking/src/test/resources/features/AT_Search.feature:6)
Caused by: java.lang.RuntimeException: Destination suggestion was not selected properly.
at pages.AT_SearchPage.selectSuggestionIfPresent(AT_SearchPage.java:72)
at stepDefinition.AT_SearchSteps.user_enters_destination_as(AT_SearchSteps.java:28)
at java.base/jdk.internal.reflect.DirectMethodHandleAccessor.invoke(DirectMethodHandleAccessor.java:103)
at java.base/java.lang.reflect.Method.invoke(Method.java:580)
at io.cucumber.java.Invoker.doInvoke(Invoker.java:66)
at io.cucumber.java.Invoker.invoke(Invoker.java:24)
at io.cucumber.java.AbstractGlueDefinition.invokeMethod(AbstractGlueDefinition.java:47)
at io.cucumber.java.JavaStepDefinition.execute(JavaStepDefinition.java:29)
at io.cucumber.core.runner.CoreStepDefinition.execute(CoreStepDefinition.java:66)
at io.cucumber.core.runner.PickleStepDefinitionMatch.runStep(PickleStepDefinitionMatch.java:63)
at io.cucumber.core.runner.ExecutionMode$1.execute(ExecutionMode.java:10)
at io.cucumber.core.runner.TestStep.executeStep(TestStep.java:81)
at io.cucumber.core.runner.TestStep.run(TestStep.java:53)
at io.cucumber.core.runner.PickleStepTestStep.run(PickleStepTestStep.java:51)
at io.cucumber.core.runner.TestCase.run(TestCase.java:84)
at io.cucumber.core.runner.Runner.runPickle(Runner.java:75)
at io.cucumber.testng.TestNGCucumberRunner.lambda$runScenario$1(TestNGCucumberRunner.java:132)
at io.cucumber.core.runtime.CucumberExecutionContext.lambda$runTestCase$5(CucumberExecutionContext.java:136)
at io.cucumber.core.runtime.RethrowingThrowableCollector.executeAndThrow(RethrowingThrowableCollector.java:23)
at io.cucumber.core.runtime.CucumberExecutionContext.runTestCase(CucumberExecutionContext.java:136)
at io.cucumber.testng.TestNGCucumberRunner.runScenario(TestNGCucumberRunner.java:129)
at io.cucumber.testng.AbstractTestNGCucumberTests.runScenario(AbstractTestNGCucumberTests.java:35)
at java.base/jdk.internal.reflect.DirectMethodHandleAccessor.invoke(DirectMethodHandleAccessor.java:103)
at java.base/java.lang.reflect.Method.invoke(Method.java:580)
at org.testng.internal.invokers.MethodInvocationHelper.invokeMethod(MethodInvocationHelper.java:141)
at org.testng.internal.invokers.TestInvoker.invokeMethod(TestInvoker.java:687)
at org.testng.internal.invokers.TestInvoker.invokeTestMethod(TestInvoker.java:230)
at org.testng.internal.invokers.MethodRunner.runInSequence(MethodRunner.java:63)
at org.testng.internal.invokers.TestInvoker$MethodInvocationAgent.invoke(TestInvoker.java:995)
at org.testng.internal.invokers.TestInvoker.invokeTestMethods(TestInvoker.java:203)
at org.testng.internal.invokers.TestMethodWorker.invokeTestMethods(TestMethodWorker.java:154)
at org.testng.internal.invokers.TestMethodWorker.run(TestMethodWorker.java:134)
at java.base/java.util.ArrayList.forEach(ArrayList.java:1597)
at org.testng.TestRunner.privateRun(TestRunner.java:741)
at org.testng.TestRunner.run(TestRunner.java:616)
at org.testng.SuiteRunner.runTest(SuiteRunner.java:421)
at org.testng.SuiteRunner.runSequentially(SuiteRunner.java:413)
at org.testng.SuiteRunner.privateRun(SuiteRunner.java:373)
at org.testng.SuiteRunner.run(SuiteRunner.java:312)
at org.testng.SuiteRunnerWorker.runSuite(SuiteRunnerWorker.java:52)
at org.testng.SuiteRunnerWorker.run(SuiteRunnerWorker.java:95)
at org.testng.TestNG.runSuitesSequentially(TestNG.java:1274)
at org.testng.TestNG.runSuitesLocally(TestNG.java:1208)
at org.testng.TestNG.runSuites(TestNG.java:1112)
at org.testng.TestNG.run(TestNG.java:1079)
at org.testng.remote.AbstractRemoteTestNG.run(AbstractRemoteTestNG.java:115)
at org.testng.remote.RemoteTestNG.initAndRun(RemoteTestNG.java:293)
at org.testng.remote.RemoteTestNG.main(RemoteTestNG.java:91)
]]>
    </error>
  </testcase> <!-- runScenario -->
  <testcase classname="testRunner.TestRunnerIO" name="runScenario" time="60.613"/>
  <testcase classname="testRunner.TestRunnerIO" name="runScenario" time="91.766">
    <error message="Sort option not found: Lowest price" type="java.lang.RuntimeException">
      <![CDATA[java.lang.RuntimeException: Sort option not found: Lowest price
at pages.AT_FiltersPage.findClickableSort(AT_FiltersPage.java:200)
at pages.AT_FiltersPage.clickLowestPriceSort(AT_FiltersPage.java:89)
at stepDefinition.AT_FiltersSteps.user_clicks_lowest_price_sort_option(AT_FiltersSteps.java:55)
at ✽.user clicks lowest price sort option(file:///D:/SPRINT/Booking/src/test/resources/features/AT_Filters.feature:24)
]]>
    </error>
  </testcase> <!-- runScenario -->
  <testcase classname="testRunner.TestRunnerIO" name="runScenario" time="23.812"/>
  <testcase classname="testRunner.TestRunnerIO" name="runScenario" time="141.485">
    <error message="TestCaseId not found in Excel: ATG08" type="java.lang.RuntimeException">
      <![CDATA[java.lang.RuntimeException: TestCaseId not found in Excel: ATG08
at stepDefinition.AT_End_To_EndSteps.getExcelValue(AT_End_To_EndSteps.java:96)
at stepDefinition.AT_End_To_EndSteps.searchDestinationForGalleryImage(AT_End_To_EndSteps.java:26)
at ✽.user searches gallery image destination "Amsterdam"(file:///D:/SPRINT/Booking/src/test/resources/features/AT_End_To_End.feature:6)
]]>
    </error>
  </testcase> <!-- runScenario -->
  <testcase classname="testRunner.TestRunnerIO" name="runScenario" time="105.090">
    <error message="Filter not found: Nature &amp; outdoor" type="java.lang.RuntimeException">
      <![CDATA[java.lang.RuntimeException: Filter not found: Nature & outdoor
at pages.AT_FiltersPage.findClickableFilter(AT_FiltersPage.java:155)
at pages.AT_FiltersPage.selectCategoryFilter(AT_FiltersPage.java:71)
at stepDefinition.AT_FiltersSteps.user_selects_category_filter(AT_FiltersSteps.java:40)
at ✽.user selects category filter "Nature & outdoor"(file:///D:/SPRINT/Booking/src/test/resources/features/AT_Filters.feature:15)
]]>
    </error>
  </testcase> <!-- runScenario -->
  <testcase classname="testRunner.TestRunnerIO" name="runScenario" time="52.063"/>
  <testcase classname="testRunner.TestRunnerIO" name="runScenario" time="89.521">
    <failure message="Deselected attraction is still displayed in Saved page: Amsterdam expected [true] but found [false]" type="java.lang.AssertionError">
      <![CDATA[java.lang.AssertionError: Deselected attraction is still displayed in Saved page: Amsterdam expected [true] but found [false]
at org.testng.Assert.fail(Assert.java:111)
at org.testng.Assert.failNotEquals(Assert.java:1590)
at org.testng.Assert.assertTrue(Assert.java:57)
at stepDefinition.AT_FavSteps.selected_attraction_should_not_be_displayed_in_my_fav_page(AT_FavSteps.java:59)
at ✽.selected attraction should not be displayed in my fav page(file:///D:/SPRINT/Booking/src/test/resources/features/AT_Fav.feature:20)
]]>
    </failure>
  </testcase> <!-- runScenario -->
</testsuite> <!-- testRunner.TestRunnerIO -->
